\BOOKMARK [0][-]{chapter*.1}{\376\377\122\115\212\000}{}% 1
\BOOKMARK [0][-]{chapter.1}{\376\377\230\204\131\007\167\345\213\306\000\040\000P\000r\000e\000l\000i\000m\000i\000n\000a\000r\000y}{}% 2
\BOOKMARK [1][-]{section.1.1}{\376\377\131\032\121\103\137\256\171\357\122\006}{chapter.1}% 3
\BOOKMARK [2][-]{subsection.1.1.1}{\376\377\131\032\121\103\121\375\145\160\166\204\000T\000a\000y\000l\000o\000r\134\125\137\000}{section.1.1}% 4
\BOOKMARK [1][-]{section.1.2}{\376\377\176\277\140\047\172\172\225\364\116\055\166\204\203\003\145\160}{chapter.1}% 5
\BOOKMARK [1][-]{section.1.3}{\376\377\121\370\226\306\116\016\121\370\121\375\145\160}{chapter.1}% 6
\BOOKMARK [2][-]{subsection.1.3.1}{\376\377\121\340\116\052\221\315\211\201\116\024\136\070\211\301\166\204\121\370\226\306}{section.1.3}% 7
\BOOKMARK [1][-]{section.1.4}{\376\377\121\370\211\304\122\022}{chapter.1}% 8
\BOOKMARK [1][-]{section.1.5}{\376\377\145\066\145\133\220\037\136\246}{chapter.1}% 9
\BOOKMARK [0][-]{chapter.2}{\376\377\176\277\140\047\211\304\122\022\000\040\000L\000i\000n\000e\000a\000r\000\040\000P\000r\000o\000g\000r\000a\000m\000m\000i\000n\000g}{}% 10
\BOOKMARK [0][-]{chapter.3}{\376\377\145\340\176\246\147\137\117\030\123\026\225\356\230\230\000\040\000U\000n\000c\000o\000n\000s\000t\000r\000a\000i\000n\000e\000d\000\040\000O\000p\000t\000i\000m\000i\000z\000a\000t\000i\000o\000n}{}% 11
\BOOKMARK [1][-]{section.3.1}{\376\377\176\277\144\034\175\042\145\271\154\325}{chapter.3}% 12
\BOOKMARK [2][-]{subsection.3.1.1}{\376\377\174\276\170\156\176\277\144\034\175\042\173\227\154\325}{section.3.1}% 13
\BOOKMARK [2][-]{subsection.3.1.2}{\376\377\000A\000r\000m\000i\000j\000o\121\306\122\031}{section.3.1}% 14
\BOOKMARK [2][-]{subsection.3.1.3}{\376\377\000W\000o\000l\000f\000e\000-\000P\000o\000w\000e\000l\000l\121\306\122\031}{section.3.1}% 15
\BOOKMARK [2][-]{subsection.3.1.4}{\376\377\176\277\144\034\175\042\154\325\166\204\145\066\145\133\140\047\122\006\147\220}{section.3.1}% 16
\BOOKMARK [1][-]{section.3.2}{\376\377\150\257\136\246\174\173\173\227\154\325}{chapter.3}% 17
\BOOKMARK [2][-]{subsection.3.2.1}{\376\377\150\257\136\246\116\013\226\115\154\325}{section.3.2}% 18
\BOOKMARK [0][-]{chapter.4}{\376\377\176\246\147\137\117\030\123\026\225\356\230\230\000\040\000C\000o\000n\000s\000t\000r\000a\000i\000n\000e\000d\000\040\000O\000p\000t\000i\000m\000i\000z\000a\000t\000i\000o\000n}{}% 19
\BOOKMARK [1][-]{section.4.1}{\376\377\176\246\147\137\147\000\117\030\123\026\225\356\230\230\166\204\147\000\117\030\140\047\147\141\116\366}{chapter.4}% 20
\BOOKMARK [0][-]{chapter.5}{\376\377\210\145\121\105\121\205\133\271\116\000\377\032\225\045\123\312\000K\000a\000r\000u\000s\000h\040\023\000K\000u\000h\000n\040\023\000T\000u\000c\000k\000e\000r\147\141\116\366}{}% 21
\BOOKMARK [1][-]{section.5.1}{\376\377\121\370\225\045\377\010\000C\000o\000n\000v\000e\000x\000\040\000C\000o\000n\000e\377\011}{chapter.5}% 22
\BOOKMARK [2][-]{subsection.5.1.1}{\376\377\154\325\225\045\377\010\000N\000o\000r\000m\000a\000l\000\040\000C\000o\000n\000e\377\011}{section.5.1}% 23
\BOOKMARK [2][-]{subsection.5.1.2}{\376\377\147\201\225\045\377\010\000P\000o\000l\000a\000r\000\040\000C\000o\000n\000e\377\011}{section.5.1}% 24
\BOOKMARK [2][-]{subsection.5.1.3}{\376\377\133\371\120\166\225\045\377\010\000D\000u\000a\000l\000\040\000C\000o\000n\000e\377\011}{section.5.1}% 25
\BOOKMARK [1][-]{section.5.2}{\376\377\000L\000a\000g\000r\000a\000n\000g\000e\121\375\145\160\116\016\000K\000K\000T\147\141\116\366}{chapter.5}% 26
\BOOKMARK [2][-]{subsection.5.2.1}{\376\377\000L\000a\000g\000r\000a\000n\000g\000e\121\375\145\160}{section.5.2}% 27
\BOOKMARK [0][-]{chapter.6}{\376\377\210\145\121\105\121\205\133\271\116\214\377\032\117\341\215\126\127\337\173\227\154\325}{}% 28
\BOOKMARK [1][-]{section.6.1}{\376\377\173\227\154\325\173\200\116\313}{chapter.6}% 29
\BOOKMARK [1][-]{section.6.2}{\376\377\117\341\215\126\127\337\173\227\154\325\150\106\147\266}{chapter.6}% 30
\BOOKMARK [1][-]{section.6.3}{\376\377\117\341\215\126\127\337\173\227\154\325\133\120\225\356\230\230\154\102\211\343}{chapter.6}% 31
\BOOKMARK [2][-]{subsection.6.3.1}{\376\377\000C\000a\000u\000c\000h\000y\160\271}{section.6.3}% 32
\BOOKMARK [2][-]{subsection.6.3.2}{\376\377\000d\000o\000g\000\040\000l\000e\000g\000\040\154\325}{section.6.3}% 33
